Command line:
   TbUc_isim_beh.exe
     -simmode  gui
     -simrunnum  1
     -socket  54437

Thu Apr 28 10:55:53 2016


 Elaboration Time: 0.187201 sec

 Current Memory Usage: 667.517 Meg

 Total Signals          : 8
 Total Nets             : 15
 Total Signal Drivers   : 4
 Total Blocks           : 3
 Total Primitive Blocks : 2
 Total Processes        : 2
 Total Traceable Variables  : 8
 Total Scalar Nets and Variables : 375
Total Line Count : 17

 Total Simulation Time: 0.234002 sec

 Current Memory Usage: 667.517 Meg

Thu Apr 28 10:56:17 2016

