Command line:
   TbALU_isim_beh.exe
     -simmode  gui
     -simrunnum  0
     -socket  54180

Thu Apr 28 10:31:26 2016


 Elaboration Time: 0.187202 sec

 Current Memory Usage: 667.718 Meg

 Total Signals          : 10
 Total Nets             : 103
 Total Signal Drivers   : 5
 Total Blocks           : 7
 Total Primitive Blocks : 6
 Total Processes        : 2
 Total Traceable Variables  : 15
 Total Scalar Nets and Variables : 604
Total Line Count : 18

 Total Simulation Time: 0.280802 sec

 Current Memory Usage: 667.718 Meg

Thu Apr 28 10:33:20 2016

