Running: C:\Xilinx\14.7\ISE_DS\ISE\bin\nt64\unwrapped\fuse.exe -intstyle ise -incremental -o C:/Xilinx/xilinxApp/Procesador_Mono/TestBsumador_isim_beh.exe -prj C:/Xilinx/xilinxApp/Procesador_Mono/TestBsumador_beh.prj work.TestBsumador 
ISim P.20131013 (signature 0x7708f090)
Number of CPUs detected in this system: 2
Turning on mult-threading, number of parallel sub-compilation jobs: 4 
Determining compilation order of HDL files
Parsing VHDL file "C:/Xilinx/xilinxApp/Procesador_Mono/Sumador32.vhd" into library work
Parsing VHDL file "C:/Xilinx/xilinxApp/Procesador_Mono/TestBsumador.vhd" into library work
Starting static elaboration
Completed static elaboration
Compiling package standard
Compiling package std_logic_1164
Compiling package std_logic_arith
Compiling package std_logic_unsigned
Compiling architecture behavioral of entity Sumador32 [sumador32_default]
Compiling architecture behavior of entity testbsumador
Time Resolution for simulation is 1ps.
Waiting for 2 sub-compilation(s) to finish...
Compiled 7 VHDL Units
Built simulation executable C:/Xilinx/xilinxApp/Procesador_Mono/TestBsumador_isim_beh.exe
Fuse Memory Usage: 32828 KB
Fuse CPU Usage: 2137 ms
