Command line:
   TbIM_isim_beh.exe
     -simmode  gui
     -simrunnum  0
     -socket  54286

Thu Apr 28 10:37:09 2016


 Elaboration Time: 0.249601 sec

 Current Memory Usage: 667.718 Meg

 Total Signals          : 7
 Total Nets             : 1089
 Total Signal Drivers   : 3
 Total Blocks           : 7
 Total Primitive Blocks : 6
 Total Processes        : 2
 Total Traceable Variables  : 15
 Total Scalar Nets and Variables : 1590
Total Line Count : 8

 Total Simulation Time: 0.280802 sec

 Current Memory Usage: 667.718 Meg

Thu Apr 28 10:39:24 2016

